<?xml version="1.0" encoding="UTF-8"?>
<!-- Generated by org.testng.reporters.JUnitXMLReporter -->
<testsuite ignored="3" hostname="news-MacBook-Pro" failures="0" tests="1" name="Default test" time="4.339" errors="0" timestamp="2024-07-04T20:08:57 EET">
  <testcase classname="Task" name="emptyPassword" time="0.42"/>
  <testcase classname="Task" name="invalidLogin" time="0.0">
    <ignored/>
  </testcase> <!-- invalidLogin -->
  <testcase classname="Task" name="validLogin" time="0.0">
    <ignored/>
  </testcase> <!-- validLogin -->
  <testcase classname="Task" name="emptyUsername" time="0.0">
    <ignored/>
  </testcase> <!-- emptyUsername -->
</testsuite> <!-- Default test -->
